<?xml version="1.0" encoding="UTF-8"?>
<!-- Generated by org.testng.reporters.JUnitReportReporter -->
<testsuite hostname="MYTSL02358" failures="0" tests="1" name="com.qa.tutorials.test.LoginpageTest" time="0.024" errors="0" timestamp="2025-01-30T12:12:12 IST" skipped="0">
  <testcase classname="com.qa.tutorials.test.LoginpageTest" name="geturl" time="0.024"/>
</testsuite> <!-- com.qa.tutorials.test.LoginpageTest -->
