<?xml version="1.0" encoding="UTF-8"?>
<!-- Generated by org.testng.reporters.JUnitReportReporter -->
<testsuite hostname="VIJAY" failures="0" tests="3" name="com.qa.orangehrm.PageTest.vjproductinforpageTest" time="3.017" errors="0" timestamp="2025-02-26T21:35:36 IST" skipped="0">
  <testcase classname="com.qa.orangehrm.PageTest.vjproductinforpageTest" name="productSearchHeaderTest" time="2.134"/>
  <testcase classname="com.qa.orangehrm.PageTest.vjproductinforpageTest" name="checktitle" time="0.014"/>
  <testcase classname="com.qa.orangehrm.PageTest.vjproductinforpageTest" name="logout" time="0.869"/>
</testsuite> <!-- com.qa.orangehrm.PageTest.vjproductinforpageTest -->
