<?xml version="1.0" encoding="UTF-8"?>
<!-- Generated by org.testng.reporters.JUnitReportReporter -->
<testsuite hostname="MYTSL02358" failures="0" tests="3" name="com.qa.orangehrm.LoginPageTest.LoginPageTest" time="2.920" errors="0" timestamp="2025-01-30T15:27:37 IST" skipped="0">
  <testcase classname="com.qa.orangehrm.LoginPageTest.LoginPageTest" name="checkloginurl" time="0.010"/>
  <testcase classname="com.qa.orangehrm.LoginPageTest.LoginPageTest" name="checkloginTitle" time="0.016"/>
  <testcase classname="com.qa.orangehrm.LoginPageTest.LoginPageTest" name="userlogin" time="2.894"/>
</testsuite> <!-- com.qa.orangehrm.LoginPageTest.LoginPageTest -->
