<?xml version="1.0" encoding="UTF-8"?>
<!-- Generated by org.testng.reporters.JUnitReportReporter -->
<testsuite hostname="VIJAY" failures="0" tests="3" name="com.qa.orangehrm.PageTest.vjLoginPageTest" time="1.402" errors="0" timestamp="2025-02-26T21:35:36 IST" skipped="0">
  <testcase classname="com.qa.orangehrm.PageTest.vjLoginPageTest" name="checkloginurl" time="0.053"/>
  <testcase classname="com.qa.orangehrm.PageTest.vjLoginPageTest" name="checkloginTitle" time="0.061"/>
  <testcase classname="com.qa.orangehrm.PageTest.vjLoginPageTest" name="userlogin" time="1.288"/>
</testsuite> <!-- com.qa.orangehrm.PageTest.vjLoginPageTest -->
