<?xml version="1.0" encoding="UTF-8"?>
<!-- Generated by org.testng.reporters.JUnitReportReporter -->
<testsuite hostname="MYTSL02358" failures="0" tests="3" name="com.qa.orangehrm.PageTest.LoginPageTest" time="2.455" errors="0" timestamp="2025-01-30T18:45:06 IST" skipped="0">
  <testcase classname="com.qa.orangehrm.PageTest.LoginPageTest" name="checkloginurl" time="0.032"/>
  <testcase classname="com.qa.orangehrm.PageTest.LoginPageTest" name="checkloginTitle" time="0.028"/>
  <testcase classname="com.qa.orangehrm.PageTest.LoginPageTest" name="userlogin" time="2.395"/>
</testsuite> <!-- com.qa.orangehrm.PageTest.LoginPageTest -->
